<?xml version="1.0" encoding="UTF-8"?>
<!-- Generated by org.testng.reporters.JUnitReportReporter -->
<testsuite hostname="DESKTOP-LFB9P6R" failures="0" tests="2" name="com.runners.RunnerFile" time="48.500" errors="0" timestamp="2022-05-23T12:23:19 PDT" skipped="0">
  <testcase classname="com.runners.RunnerFile" name="runScenario" time="24.215"/>
  <system-out/>
  <testcase classname="com.runners.RunnerFile" name="runScenario" time="24.285"/>
  <system-out/>
</testsuite> <!-- com.runners.RunnerFile -->
